#
# There is insufficient memory for the Java Runtime Environment to continue.
# Native memory allocation (malloc) failed to allocate 248736 bytes for Chunk::new
# Possible reasons:
#   The system is out of physical RAM or swap space
#   In 32 bit mode, the process size limit was hit
# Possible solutions:
#   Reduce memory load on the system
#   Increase physical memory or swap space
#   Check if swap backing store is full
#   Use 64 bit Java on a 64 bit OS
#   Decrease Java heap size (-Xmx/-Xms)
#   Decrease number of Java threads
#   Decrease Java thread stack sizes (-Xss)
#   Set larger code cache with -XX:ReservedCodeCacheSize=
# This output file may be truncated or incomplete.
#
#  Out of Memory Error (allocation.cpp:388), pid=5252, tid=11184
#
# JRE version: Java(TM) SE Runtime Environment (8.0_11-b12) (build 1.8.0_11-b12)
# Java VM: Java HotSpot(TM) 64-Bit Server VM (25.11-b03 mixed mode windows-amd64 compressed oops)
# Failed to write core dump. Minidumps are not enabled by default on client versions of Windows
#

---------------  T H R E A D  ---------------

Current thread (0x0000000014f1c000):  JavaThread "C2 CompilerThread0" daemon [_thread_in_native, id=11184, stack(0x0000000016480000,0x0000000016580000)]

Stack: [0x0000000016480000,0x0000000016580000]
Native frames: (J=compiled Java code, j=interpreted, Vv=VM code, C=native code)
V  [jvm.dll+0x308eca]


Current CompileTask:
C2:   3324 1487 %     4       sun.security.provider.SHA::implCompress @ 12 (491 bytes)


---------------  P R O C E S S  ---------------

Java Threads: ( => current thread )
  0x0000000014f7c000 JavaThread "Service Thread" daemon [_thread_blocked, id=9056, stack(0x0000000016780000,0x0000000016880000)]
  0x0000000014f75000 JavaThread "C1 CompilerThread2" daemon [_thread_blocked, id=7032, stack(0x0000000016680000,0x0000000016780000)]
  0x0000000014f6f000 JavaThread "C2 CompilerThread1" daemon [_thread_blocked, id=6968, stack(0x0000000016580000,0x0000000016680000)]
=>0x0000000014f1c000 JavaThread "C2 CompilerThread0" daemon [_thread_in_native, id=11184, stack(0x0000000016480000,0x0000000016580000)]
  0x0000000014f1a800 JavaThread "Attach Listener" daemon [_thread_blocked, id=11848, stack(0x0000000016380000,0x0000000016480000)]
  0x0000000014f19800 JavaThread "Signal Dispatcher" daemon [_thread_blocked, id=4732, stack(0x0000000016280000,0x0000000016380000)]
  0x0000000002844800 JavaThread "Finalizer" daemon [_thread_blocked, id=6184, stack(0x0000000016180000,0x0000000016280000)]
  0x0000000014ee8000 JavaThread "Reference Handler" daemon [_thread_blocked, id=5824, stack(0x0000000016080000,0x0000000016180000)]
  0x000000000264d800 JavaThread "main" [_thread_in_native, id=10176, stack(0x0000000002650000,0x0000000002750000)]

Other Threads:
  0x0000000014ee6800 VMThread [stack: 0x0000000015f80000,0x0000000016080000] [id=6128]
  0x0000000014f7e800 WatcherThread [stack: 0x0000000016880000,0x0000000016980000] [id=8228]

VM state:not at safepoint (normal execution)

VM Mutex/Monitor currently owned by a thread: None

Heap:
 PSYoungGen      total 10240K, used 3707K [0x00000000eab00000, 0x00000000eb800000, 0x0000000100000000)
  eden space 7680K, 17% used [0x00000000eab00000,0x00000000eac494c8,0x00000000eb280000)
  from space 2560K, 93% used [0x00000000eb280000,0x00000000eb4d5798,0x00000000eb500000)
  to   space 2048K, 0% used [0x00000000eb500000,0x00000000eb500000,0x00000000eb700000)
 ParOldGen       total 129536K, used 2089K [0x00000000c0000000, 0x00000000c7e80000, 0x00000000eab00000)
  object space 129536K, 1% used [0x00000000c0000000,0x00000000c020a600,0x00000000c7e80000)
 Metaspace       used 6173K, capacity 7064K, committed 7424K, reserved 1056768K
  class space    used 634K, capacity 656K, committed 768K, reserved 1048576K

Card table byte_map: [0x0000000011c10000,0x0000000011e20000] byte_map_base: 0x0000000011610000

Marking Bits: (ParMarkBitMap*) 0x00000000619412b0
 Begin Bits: [0x0000000012380000, 0x0000000013380000)
 End Bits:   [0x0000000013380000, 0x0000000014380000)

Polling page: 0x0000000000d60000

CodeCache: size=245760Kb used=5489Kb max_used=5491Kb free=240270Kb
 bounds [0x0000000002850000, 0x0000000002dc0000, 0x0000000011850000]
 total_blobs=1754 nmethods=1482 adapters=186
 compilation: enabled

Compilation events (10 events):
Event: 3.264 Thread 0x0000000014f75000 1483       3       java.lang.Integer::reverseBytes (26 bytes)
Event: 3.264 Thread 0x0000000014f75000 nmethod 1483 0x0000000002dae910 code [0x0000000002daea60, 0x0000000002daebb0]
Event: 3.271 Thread 0x0000000014f1c000 nmethod 1478 0x0000000002db14d0 code [0x0000000002db16a0, 0x0000000002db1ef0]
Event: 3.311 Thread 0x0000000014f6f000 1484       4       java.lang.Integer::reverseBytes (26 bytes)
Event: 3.311 Thread 0x0000000014f6f000 nmethod 1484 0x0000000002dafdd0 code [0x0000000002daff00, 0x0000000002daff78]
Event: 3.311 Thread 0x0000000014f75000 1485       3       sun.security.provider.SHA::implCompress (491 bytes)
Event: 3.312 Thread 0x0000000014f75000 nmethod 1485 0x0000000002db01d0 code [0x0000000002db03c0, 0x0000000002db0c68]
Event: 3.313 Thread 0x0000000014f75000 1486       3       sun.security.provider.ByteArrayAccess::b2iBig64 (614 bytes)
Event: 3.314 Thread 0x0000000014f1c000 1487 %     4       sun.security.provider.SHA::implCompress @ 12 (491 bytes)
Event: 3.314 Thread 0x0000000014f75000 nmethod 1486 0x0000000002dad350 code [0x0000000002dad560, 0x0000000002dae2a8]

GC Heap History (10 events):
Event: 1.132 GC heap before
{Heap before GC invocations=5 (full 0):
 PSYoungGen      total 2560K, used 2526K [0x00000000eab00000, 0x00000000eae00000, 0x0000000100000000)
  eden space 2048K, 99% used [0x00000000eab00000,0x00000000eacfba00,0x00000000ead00000)
  from space 512K, 96% used [0x00000000ead80000,0x00000000eadfc010,0x00000000eae00000)
  to   space 512K, 0% used [0x00000000ead00000,0x00000000ead00000,0x00000000ead80000)
 ParOldGen       total 129536K, used 834K [0x00000000c0000000, 0x00000000c7e80000, 0x00000000eab00000)
  object space 129536K, 0% used [0x00000000c0000000,0x00000000c00d08b8,0x00000000c7e80000)
 Metaspace       used 4243K, capacity 5584K, committed 5760K, reserved 1056768K
  class space    used 481K, capacity 520K, committed 640K, reserved 1048576K
Event: 1.188 GC heap after
Heap after GC invocations=5 (full 0):
 PSYoungGen      total 2560K, used 509K [0x00000000eab00000, 0x00000000eb200000, 0x0000000100000000)
  eden space 2048K, 0% used [0x00000000eab00000,0x00000000eab00000,0x00000000ead00000)
  from space 512K, 99% used [0x00000000ead00000,0x00000000ead7f618,0x00000000ead80000)
  to   space 1536K, 0% used [0x00000000eb080000,0x00000000eb080000,0x00000000eb200000)
 ParOldGen       total 129536K, used 1519K [0x00000000c0000000, 0x00000000c7e80000, 0x00000000eab00000)
  object space 129536K, 1% used [0x00000000c0000000,0x00000000c017bf00,0x00000000c7e80000)
 Metaspace       used 4243K, capacity 5584K, committed 5760K, reserved 1056768K
  class space    used 481K, capacity 520K, committed 640K, reserved 1048576K
}
Event: 1.417 GC heap before
{Heap before GC invocations=6 (full 0):
 PSYoungGen      total 2560K, used 2549K [0x00000000eab00000, 0x00000000eb200000, 0x0000000100000000)
  eden space 2048K, 99% used [0x00000000eab00000,0x00000000eacfe100,0x00000000ead00000)
  from space 512K, 99% used [0x00000000ead00000,0x00000000ead7f618,0x00000000ead80000)
  to   space 1536K, 0% used [0x00000000eb080000,0x00000000eb080000,0x00000000eb200000)
 ParOldGen       total 129536K, used 1519K [0x00000000c0000000, 0x00000000c7e80000, 0x00000000eab00000)
  object space 129536K, 1% used [0x00000000c0000000,0x00000000c017bf00,0x00000000c7e80000)
 Metaspace       used 4899K, capacity 6160K, committed 6272K, reserved 1056768K
  class space    used 553K, capacity 584K, committed 640K, reserved 1048576K
Event: 1.594 GC heap after
Heap after GC invocations=6 (full 0):
 PSYoungGen      total 5632K, used 1117K [0x00000000eab00000, 0x00000000eb200000, 0x0000000100000000)
  eden space 4096K, 0% used [0x00000000eab00000,0x00000000eab00000,0x00000000eaf00000)
  from space 1536K, 72% used [0x00000000eb080000,0x00000000eb197618,0x00000000eb200000)
  to   space 1536K, 0% used [0x00000000eaf00000,0x00000000eaf00000,0x00000000eb080000)
 ParOldGen       total 129536K, used 1519K [0x00000000c0000000, 0x00000000c7e80000, 0x00000000eab00000)
  object space 129536K, 1% used [0x00000000c0000000,0x00000000c017bf00,0x00000000c7e80000)
 Metaspace       used 4899K, capacity 6160K, committed 6272K, reserved 1056768K
  class space    used 553K, capacity 584K, committed 640K, reserved 1048576K
}
Event: 1.857 GC heap before
{Heap before GC invocations=7 (full 0):
 PSYoungGen      total 5632K, used 5213K [0x00000000eab00000, 0x00000000eb200000, 0x0000000100000000)
  eden space 4096K, 100% used [0x00000000eab00000,0x00000000eaf00000,0x00000000eaf00000)
  from space 1536K, 72% used [0x00000000eb080000,0x00000000eb197618,0x00000000eb200000)
  to   space 1536K, 0% used [0x00000000eaf00000,0x00000000eaf00000,0x00000000eb080000)
 ParOldGen       total 129536K, used 1519K [0x00000000c0000000, 0x00000000c7e80000, 0x00000000eab00000)
  object space 129536K, 1% used [0x00000000c0000000,0x00000000c017bf00,0x00000000c7e80000)
 Metaspace       used 5385K, capacity 6576K, committed 6784K, reserved 1056768K
  class space    used 581K, capacity 616K, committed 640K, reserved 1048576K
Event: 1.889 GC heap after
Heap after GC invocations=7 (full 0):
 PSYoungGen      total 5632K, used 1504K [0x00000000eab00000, 0x00000000eb700000, 0x0000000100000000)
  eden space 4096K, 0% used [0x00000000eab00000,0x00000000eab00000,0x00000000eaf00000)
  from space 1536K, 97% used [0x00000000eaf00000,0x00000000eb078018,0x00000000eb080000)
  to   space 2048K, 0% used [0x00000000eb500000,0x00000000eb500000,0x00000000eb700000)
 ParOldGen       total 129536K, used 1699K [0x00000000c0000000, 0x00000000c7e80000, 0x00000000eab00000)
  object space 129536K, 1% used [0x00000000c0000000,0x00000000c01a8f40,0x00000000c7e80000)
 Metaspace       used 5385K, capacity 6576K, committed 6784K, reserved 1056768K
  class space    used 581K, capacity 616K, committed 640K, reserved 1048576K
}
Event: 2.263 GC heap before
{Heap before GC invocations=8 (full 0):
 PSYoungGen      total 5632K, used 5600K [0x00000000eab00000, 0x00000000eb700000, 0x0000000100000000)
  eden space 4096K, 100% used [0x00000000eab00000,0x00000000eaf00000,0x00000000eaf00000)
  from space 1536K, 97% used [0x00000000eaf00000,0x00000000eb078018,0x00000000eb080000)
  to   space 2048K, 0% used [0x00000000eb500000,0x00000000eb500000,0x00000000eb700000)
 ParOldGen       total 129536K, used 1699K [0x00000000c0000000, 0x00000000c7e80000, 0x00000000eab00000)
  object space 129536K, 1% used [0x00000000c0000000,0x00000000c01a8f40,0x00000000c7e80000)
 Metaspace       used 5512K, capacity 6704K, committed 6784K, reserved 1056768K
  class space    used 583K, capacity 616K, committed 640K, reserved 1048576K
Event: 2.330 GC heap after
Heap after GC invocations=8 (full 0):
 PSYoungGen      total 9728K, used 2016K [0x00000000eab00000, 0x00000000eb800000, 0x0000000100000000)
  eden space 7680K, 0% used [0x00000000eab00000,0x00000000eab00000,0x00000000eb280000)
  from space 2048K, 98% used [0x00000000eb500000,0x00000000eb6f8018,0x00000000eb700000)
  to   space 2560K, 0% used [0x00000000eb280000,0x00000000eb280000,0x00000000eb500000)
 ParOldGen       total 129536K, used 1827K [0x00000000c0000000, 0x00000000c7e80000, 0x00000000eab00000)
  object space 129536K, 1% used [0x00000000c0000000,0x00000000c01c8f40,0x00000000c7e80000)
 Metaspace       used 5512K, capacity 6704K, committed 6784K, reserved 1056768K
  class space    used 583K, capacity 616K, committed 640K, reserved 1048576K
}
Event: 3.110 GC heap before
{Heap before GC invocations=9 (full 0):
 PSYoungGen      total 9728K, used 9696K [0x00000000eab00000, 0x00000000eb800000, 0x0000000100000000)
  eden space 7680K, 100% used [0x00000000eab00000,0x00000000eb280000,0x00000000eb280000)
  from space 2048K, 98% used [0x00000000eb500000,0x00000000eb6f8018,0x00000000eb700000)
  to   space 2560K, 0% used [0x00000000eb280000,0x00000000eb280000,0x00000000eb500000)
 ParOldGen       total 129536K, used 1827K [0x00000000c0000000, 0x00000000c7e80000, 0x00000000eab00000)
  object space 129536K, 1% used [0x00000000c0000000,0x00000000c01c8f40,0x00000000c7e80000)
 Metaspace       used 5814K, capacity 6896K, committed 7040K, reserved 1056768K
  class space    used 599K, capacity 616K, committed 640K, reserved 1048576K
Event: 3.157 GC heap after
Heap after GC invocations=9 (full 0):
 PSYoungGen      total 10240K, used 2389K [0x00000000eab00000, 0x00000000eb800000, 0x0000000100000000)
  eden space 7680K, 0% used [0x00000000eab00000,0x00000000eab00000,0x00000000eb280000)
  from space 2560K, 93% used [0x00000000eb280000,0x00000000eb4d5798,0x00000000eb500000)
  to   space 2048K, 0% used [0x00000000eb500000,0x00000000eb500000,0x00000000eb700000)
 ParOldGen       total 129536K, used 2089K [0x00000000c0000000, 0x00000000c7e80000, 0x00000000eab00000)
  object space 129536K, 1% used [0x00000000c0000000,0x00000000c020a600,0x00000000c7e80000)
 Metaspace       used 5814K, capacity 6896K, committed 7040K, reserved 1056768K
  class space    used 599K, capacity 616K, committed 640K, reserved 1048576K
}

Deoptimization events (10 events):
Event: 3.089 Thread 0x000000000264d800 Uncommon trap: reason=class_check action=maybe_recompile pc=0x0000000002bd607c method=com.android.dx.util.FixedSizeList.equals(Ljava/lang/Object;)Z @ 25
Event: 3.097 Thread 0x000000000264d800 Uncommon trap: reason=class_check action=maybe_recompile pc=0x0000000002bd607c method=com.android.dx.util.FixedSizeList.equals(Ljava/lang/Object;)Z @ 25
Event: 3.097 Thread 0x000000000264d800 Uncommon trap: reason=class_check action=maybe_recompile pc=0x0000000002bdaf08 method=java.util.Arrays.equals([Ljava/lang/Object;[Ljava/lang/Object;)Z @ 62
Event: 3.097 Thread 0x000000000264d800 Uncommon trap: reason=class_check action=maybe_recompile pc=0x0000000002bdaf08 method=java.util.Arrays.equals([Ljava/lang/Object;[Ljava/lang/Object;)Z @ 62
Event: 3.097 Thread 0x000000000264d800 Uncommon trap: reason=class_check action=maybe_recompile pc=0x0000000002bdaf08 method=java.util.Arrays.equals([Ljava/lang/Object;[Ljava/lang/Object;)Z @ 62
Event: 3.254 Thread 0x000000000264d800 Uncommon trap: reason=unreached action=reinterpret pc=0x0000000002b683a8 method=java.util.Arrays.copyOf([Ljava/lang/Object;ILjava/lang/Class;)[Ljava/lang/Object; @ 3
Event: 3.256 Thread 0x000000000264d800 Uncommon trap: reason=class_check action=maybe_recompile pc=0x0000000002d11a4c method=java.util.HashMap.putVal(ILjava/lang/Object;Ljava/lang/Object;ZZ)Ljava/lang/Object; @ 56
Event: 3.256 Thread 0x000000000264d800 Uncommon trap: reason=class_check action=maybe_recompile pc=0x0000000002d11a9c method=java.util.HashMap.putVal(ILjava/lang/Object;Ljava/lang/Object;ZZ)Ljava/lang/Object; @ 152
Event: 3.256 Thread 0x000000000264d800 Uncommon trap: reason=class_check action=maybe_recompile pc=0x0000000002d11a4c method=java.util.HashMap.putVal(ILjava/lang/Object;Ljava/lang/Object;ZZ)Ljava/lang/Object; @ 56
Event: 3.256 Thread 0x000000000264d800 Uncommon trap: reason=class_check action=maybe_recompile pc=0x0000000002d26f70 method=java.util.HashMap.putVal(ILjava/lang/Object;Ljava/lang/Object;ZZ)Ljava/lang/Object; @ 56

Internal exceptions (10 events):
Event: 3.089 Thread 0x000000000264d800 Exception <a 'java/security/PrivilegedActionException'> (0x00000000eb266d40) thrown at [C:\re\workspace\8-2-build-windows-amd64-cygwin\jdk8u11\648\hotspot\src\share\vm\prims\jvm.cpp, line 1248]
Event: 3.089 Thread 0x000000000264d800 Exception <a 'java/security/PrivilegedActionException'> (0x00000000eb269f68) thrown at [C:\re\workspace\8-2-build-windows-amd64-cygwin\jdk8u11\648\hotspot\src\share\vm\prims\jvm.cpp, line 1248]
Event: 3.183 Thread 0x000000000264d800 Exception <a 'java/security/PrivilegedActionException'> (0x00000000eab6a6f0) thrown at [C:\re\workspace\8-2-build-windows-amd64-cygwin\jdk8u11\648\hotspot\src\share\vm\prims\jvm.cpp, line 1248]
Event: 3.184 Thread 0x000000000264d800 Exception <a 'java/security/PrivilegedActionException'> (0x00000000eab76428) thrown at [C:\re\workspace\8-2-build-windows-amd64-cygwin\jdk8u11\648\hotspot\src\share\vm\prims\jvm.cpp, line 1248]
Event: 3.185 Thread 0x000000000264d800 Exception <a 'java/security/PrivilegedActionException'> (0x00000000eab790c0) thrown at [C:\re\workspace\8-2-build-windows-amd64-cygwin\jdk8u11\648\hotspot\src\share\vm\prims\jvm.cpp, line 1248]
Event: 3.193 Thread 0x000000000264d800 Exception <a 'java/security/PrivilegedActionException'> (0x00000000eabc02a8) thrown at [C:\re\workspace\8-2-build-windows-amd64-cygwin\jdk8u11\648\hotspot\src\share\vm\prims\jvm.cpp, line 1248]
Event: 3.226 Thread 0x000000000264d800 Exception <a 'java/security/PrivilegedActionException'> (0x00000000eabed0c8) thrown at [C:\re\workspace\8-2-build-windows-amd64-cygwin\jdk8u11\648\hotspot\src\share\vm\prims\jvm.cpp, line 1248]
Event: 3.227 Thread 0x000000000264d800 Exception <a 'java/security/PrivilegedActionException'> (0x00000000eabf2898) thrown at [C:\re\workspace\8-2-build-windows-amd64-cygwin\jdk8u11\648\hotspot\src\share\vm\prims\jvm.cpp, line 1248]
Event: 3.231 Thread 0x000000000264d800 Exception <a 'java/security/PrivilegedActionException'> (0x00000000eabf84a0) thrown at [C:\re\workspace\8-2-build-windows-amd64-cygwin\jdk8u11\648\hotspot\src\share\vm\prims\jvm.cpp, line 1248]
Event: 3.244 Thread 0x000000000264d800 Exception <a 'java/security/PrivilegedActionException'> (0x00000000eac04910) thrown at [C:\re\workspace\8-2-build-windows-amd64-cygwin\jdk8u11\648\hotspot\src\share\vm\prims\jvm.cpp, line 1248]

Events (10 events):
Event: 3.263 loading class sun/security/provider/DigestBase done
Event: 3.263 loading class sun/security/provider/SHA done
Event: 3.263 loading class sun/security/jca/GetInstance$Instance
Event: 3.263 loading class sun/security/jca/GetInstance$Instance done
Event: 3.263 loading class java/security/MessageDigest$Delegate
Event: 3.263 loading class java/security/MessageDigest$Delegate done
Event: 3.263 loading class sun/security/provider/ByteArrayAccess
Event: 3.264 loading class sun/security/provider/ByteArrayAccess done
Event: 3.315 loading class java/util/zip/Adler32
Event: 3.315 loading class java/util/zip/Adler32 done


Dynamic libraries:
0x00007ff6ce4f0000 - 0x00007ff6ce524000 	C:\Program Files\Java\jdk1.8.0_11\bin\java.exe
0x00007ffa25dc0000 - 0x00007ffa25f6c000 	C:\WINDOWS\SYSTEM32\ntdll.dll
0x00007ffa245a0000 - 0x00007ffa246de000 	C:\WINDOWS\system32\KERNEL32.DLL
0x00007ffa23090000 - 0x00007ffa231a5000 	C:\WINDOWS\system32\KERNELBASE.dll
0x00007ffa21ab0000 - 0x00007ffa21b3e000 	C:\WINDOWS\system32\apphelp.dll
0x00007ffa0c7c0000 - 0x00007ffa0c813000 	C:\WINDOWS\AppPatch\AppPatch64\AcGenral.DLL
0x00007ffa24480000 - 0x00007ffa2452a000 	C:\WINDOWS\system32\msvcrt.dll
0x00007ffa22db0000 - 0x00007ffa22dde000 	C:\WINDOWS\SYSTEM32\SspiCli.dll
0x00007ffa23700000 - 0x00007ffa23754000 	C:\WINDOWS\system32\SHLWAPI.dll
0x00007ffa23d90000 - 0x00007ffa23f07000 	C:\WINDOWS\system32\USER32.dll
0x00007ffa23a50000 - 0x00007ffa23be4000 	C:\WINDOWS\system32\ole32.dll
0x00007ffa24890000 - 0x00007ffa25dbb000 	C:\WINDOWS\system32\SHELL32.dll
0x00007ffa22530000 - 0x00007ffa22551000 	C:\WINDOWS\SYSTEM32\USERENV.dll
0x00007ffa241f0000 - 0x00007ffa2429a000 	C:\WINDOWS\system32\ADVAPI32.dll
0x00007ffa14b20000 - 0x00007ffa14b3e000 	C:\WINDOWS\SYSTEM32\MPR.dll
0x00007ffa23450000 - 0x00007ffa23591000 	C:\WINDOWS\system32\RPCRT4.dll
0x00007ffa24540000 - 0x00007ffa24599000 	C:\WINDOWS\SYSTEM32\sechost.dll
0x00007ffa23760000 - 0x00007ffa23971000 	C:\WINDOWS\SYSTEM32\combase.dll
0x00007ffa240a0000 - 0x00007ffa241ef000 	C:\WINDOWS\system32\GDI32.dll
0x00007ffa22f10000 - 0x00007ffa22f25000 	C:\WINDOWS\SYSTEM32\profapi.dll
0x00007ffa21460000 - 0x00007ffa21512000 	C:\WINDOWS\SYSTEM32\SHCORE.dll
0x00007ffa23ff0000 - 0x00007ffa24026000 	C:\WINDOWS\system32\IMM32.DLL
0x00007ffa235a0000 - 0x00007ffa236f2000 	C:\WINDOWS\system32\MSCTF.dll
0x00007ffa203d0000 - 0x00007ffa2064b000 	C:\WINDOWS\WinSxS\amd64_microsoft.windows.common-controls_6595b64144ccf1df_6.0.9600.18006_none_623f33d3ecbe86e8\COMCTL32.dll
0x00000000619c0000 - 0x0000000061a92000 	C:\Program Files\Java\jdk1.8.0_11\jre\bin\msvcr100.dll
0x0000000061190000 - 0x00000000619ba000 	C:\Program Files\Java\jdk1.8.0_11\jre\bin\server\jvm.dll
0x00007ffa1a130000 - 0x00007ffa1a139000 	C:\WINDOWS\SYSTEM32\WSOCK32.dll
0x00007ffa1a1d0000 - 0x00007ffa1a1f2000 	C:\WINDOWS\SYSTEM32\WINMM.dll
0x00007ffa24530000 - 0x00007ffa24537000 	C:\WINDOWS\system32\PSAPI.DLL
0x00007ffa23d30000 - 0x00007ffa23d8a000 	C:\WINDOWS\system32\WS2_32.dll
0x00007ffa1a1a0000 - 0x00007ffa1a1ca000 	C:\WINDOWS\SYSTEM32\WINMMBASE.dll
0x00007ffa23bf0000 - 0x00007ffa23bf9000 	C:\WINDOWS\system32\NSI.dll
0x00007ffa23040000 - 0x00007ffa2308f000 	C:\WINDOWS\SYSTEM32\cfgmgr32.dll
0x00007ffa21d30000 - 0x00007ffa21d58000 	C:\WINDOWS\SYSTEM32\DEVOBJ.dll
0x0000000062d40000 - 0x0000000062d4f000 	C:\Program Files\Java\jdk1.8.0_11\jre\bin\verify.dll
0x0000000061160000 - 0x0000000061188000 	C:\Program Files\Java\jdk1.8.0_11\jre\bin\java.dll
0x0000000061140000 - 0x0000000061156000 	C:\Program Files\Java\jdk1.8.0_11\jre\bin\zip.dll

VM Arguments:
jvm_args: -Djava.awt.headless=true -Xmx1024M -Dfile.encoding=windows-1252 -Duser.country=US -Duser.language=en -Duser.variant 
java_command: com.android.dx.command.Main --dex --num-threads=4 --output E:\reactnative\auth\android\app\build\intermediates\pre-dexed\debug\bolts-tasks-1.4.0_e298719a41f7370602494d08452fd02c290cb6e5.jar C:\Users\Mubashir Mufti\.gradle\caches\modules-2\files-2.1\com.parse.bolts\bolts-tasks\1.4.0\d85884acf6810a3bbbecb587f239005cbc846dc4\bolts-tasks-1.4.0.jar
java_class_path (initial): E:\Program_Files\android\sdk\build-tools\23.0.1\lib\dx.jar
Launcher Type: SUN_STANDARD

Environment Variables:
JAVA_HOME=C:\Program Files\Java\jdk1.8.0_11
CLASSPATH=E:\reactnative\auth\android\\gradle\wrapper\gradle-wrapper.jar
PATH=C:\ProgramData\Oracle\Java\javapath;C:\Program Files (x86)\AMD APP\bin\x86_64;C:\Program Files (x86)\AMD APP\bin\x86;c:\Program Files (x86)\Intel\iCLS Client\;c:\Program Files\Intel\iCLS Client\;C:\WINDOWS\system32;C:\WINDOWS;C:\WINDOWS\System32\Wbem;C:\WINDOWS\System32\WindowsPowerShell\v1.0\;C:\Program Files (x86)\ATI Technologies\ATI.ACE\Core-Static;C:\Program Files\Intel\Intel(R) Management Engine Components\DAL;C:\Program Files\Intel\Intel(R) Management Engine Components\IPT;C:\Program Files (x86)\Intel\Intel(R) Management Engine Components\DAL;C:\Program Files (x86)\Intel\Intel(R) Management Engine Components\IPT;C:\Program Files\Java\jdk1.8.0_11\bin;C:\Program Files (x86)\Android\android-sdk;C:\Program Files (x86)\MySQL\MySQL Utilities 1.4\;C:\Program Files (x86)\MySQL\MySQL Utilities 1.4\Doctrine extensions for PHP\;C:\Program Files (x86)\QuickTime\QTSystem\;C:\Program Files (x86)\Skype\Phone\;D\IT\php\php-7.1.6-Win32-VC14-x64\;D\IT\php\php-7.1.6-Win32-VC14-x64\bin\;D:\IT\php\php-7.1.6-Win32-VC14-x64;C:\ProgramData\ComposerSetup\bin;C:\Program Files\nodejs\;E:\Program_Files\android\sdk\platform-tools;C:\Users\Mubashir Mufti\AppData\Local\Programs\Python\Python36\Scripts\;C:\Users\Mubashir Mufti\AppData\Local\Programs\Python\Python36\;C:\Users\Mubashir Mufti\AppData\Roaming\Composer\vendor\bin;C:\Users\Mubashir Mufti\AppData\Roaming\npm
USERNAME=Mubashir Mufti
OS=Windows_NT
PROCESSOR_IDENTIFIER=Intel64 Family 6 Model 58 Stepping 9, GenuineIntel



---------------  S Y S T E M  ---------------

OS: Windows 8.1 , 64 bit Build 9600 

CPU:total 4 (2 cores per cpu, 2 threads per core) family 6 model 58 stepping 9, cmov, cx8, fxsr, mmx, sse, sse2, sse3, ssse3, sse4.1, sse4.2, popcnt, avx, aes, clmul, erms, ht, tsc, tscinvbit

Memory: 4k page, physical 8265200k(849524k free), swap 11410928k(3992k free)

vm_info: Java HotSpot(TM) 64-Bit Server VM (25.11-b03) for windows-amd64 JRE (1.8.0_11-b12), built on Jun 16 2014 20:57:32 by "java_re" with MS VC++ 10.0 (VS2010)

time: Fri Mar 09 17:44:07 2018
elapsed time: 3 seconds

