#
# There is insufficient memory for the Java Runtime Environment to continue.
# Native memory allocation (malloc) failed to allocate 1048576 bytes for AllocateHeap
# Possible reasons:
#   The system is out of physical RAM or swap space
#   In 32 bit mode, the process size limit was hit
# Possible solutions:
#   Reduce memory load on the system
#   Increase physical memory or swap space
#   Check if swap backing store is full
#   Use 64 bit Java on a 64 bit OS
#   Decrease Java heap size (-Xmx/-Xms)
#   Decrease number of Java threads
#   Decrease Java thread stack sizes (-Xss)
#   Set larger code cache with -XX:ReservedCodeCacheSize=
# This output file may be truncated or incomplete.
#
#  Out of Memory Error (memory/allocation.inline.hpp:62), pid=8196, tid=2412
#
# JRE version:  (8.0_11-b12) (build )
# Java VM: Java HotSpot(TM) 64-Bit Server VM (25.11-b03 mixed mode windows-amd64 compressed oops)
# Failed to write core dump. Minidumps are not enabled by default on client versions of Windows
#

---------------  T H R E A D  ---------------

Current thread (0x000000000251d800):  JavaThread "Unknown thread" [_thread_in_vm, id=2412, stack(0x0000000002520000,0x0000000002620000)]

Stack: [0x0000000002520000,0x0000000002620000]
Native frames: (J=compiled Java code, j=interpreted, Vv=VM code, C=native code)
V  [jvm.dll+0x308eca]
V  [jvm.dll+0x25e121]
V  [jvm.dll+0x25ed33]
V  [jvm.dll+0x256705]
V  [jvm.dll+0x39c2df]
V  [jvm.dll+0x3c7532]
V  [jvm.dll+0x3c78ba]
V  [jvm.dll+0x3c2e57]
V  [jvm.dll+0xe2462]
V  [jvm.dll+0x1f1439]
V  [jvm.dll+0x2229b4]
V  [jvm.dll+0x14a151]
C  [java.exe+0x207a]
C  [java.exe+0xc9cb]
C  [java.exe+0xca5f]
C  [KERNEL32.DLL+0x13d2]
C  [ntdll.dll+0x15454]


---------------  P R O C E S S  ---------------

Java Threads: ( => current thread )

Other Threads:

=>0x000000000251d800 (exited) JavaThread "Unknown thread" [_thread_in_vm, id=2412, stack(0x0000000002520000,0x0000000002620000)]

VM state:not at safepoint (normal execution)

VM Mutex/Monitor currently owned by a thread: None

Heap:
 PSYoungGen      total 1024K, used 20K [0x00000000eab00000, 0x00000000eac80000, 0x0000000100000000)
  eden space 512K, 4% used [0x00000000eab00000,0x00000000eab05288,0x00000000eab80000)
  from space 512K, 0% used [0x00000000eac00000,0x00000000eac00000,0x00000000eac80000)
  to   space 512K, 0% used [0x00000000eab80000,0x00000000eab80000,0x00000000eac00000)
 ParOldGen       total 129536K, used 0K [0x00000000c0000000, 0x00000000c7e80000, 0x00000000eab00000)
  object space 129536K, 0% used [0x00000000c0000000,0x00000000c0000000,0x00000000c7e80000)
 Metaspace       used 674K, capacity 4480K, committed 4480K, reserved 1056768K
  class space    used 66K, capacity 384K, committed 384K, reserved 1048576K

Card table byte_map: [0x0000000011ae0000,0x0000000011cf0000] byte_map_base: 0x00000000114e0000

Marking Bits: (ParMarkBitMap*) 0x00000000619412b0
 Begin Bits: [0x0000000012250000, 0x0000000013250000)
 End Bits:   [0x0000000013250000, 0x0000000014250000)

Polling page: 0x0000000000ac0000

CodeCache: size=245760Kb used=327Kb max_used=327Kb free=245432Kb
 bounds [0x0000000002720000, 0x0000000002990000, 0x0000000011720000]
 total_blobs=56 nmethods=0 adapters=37
 compilation: enabled

Compilation events (0 events):
No events

GC Heap History (0 events):
No events

Deoptimization events (0 events):
No events

Internal exceptions (0 events):
No events

Events (10 events):
Event: 0.458 loading class java/lang/Short
Event: 0.458 loading class java/lang/Short done
Event: 0.458 loading class java/lang/Integer
Event: 0.458 loading class java/lang/Integer done
Event: 0.458 loading class java/lang/Long
Event: 0.458 loading class java/lang/Long done
Event: 0.459 loading class java/lang/NullPointerException
Event: 0.459 loading class java/lang/NullPointerException done
Event: 0.459 loading class java/lang/ArithmeticException
Event: 0.459 loading class java/lang/ArithmeticException done


Dynamic libraries:
0x00007ff6ce4f0000 - 0x00007ff6ce524000 	C:\Program Files\Java\jdk1.8.0_11\bin\java.exe
0x00007ffa25dc0000 - 0x00007ffa25f6c000 	C:\WINDOWS\SYSTEM32\ntdll.dll
0x00007ffa245a0000 - 0x00007ffa246de000 	C:\WINDOWS\system32\KERNEL32.DLL
0x00007ffa23090000 - 0x00007ffa231a5000 	C:\WINDOWS\system32\KERNELBASE.dll
0x00007ffa21ab0000 - 0x00007ffa21b3e000 	C:\WINDOWS\system32\apphelp.dll
0x00007ffa0c7c0000 - 0x00007ffa0c813000 	C:\WINDOWS\AppPatch\AppPatch64\AcGenral.DLL
0x00007ffa24480000 - 0x00007ffa2452a000 	C:\WINDOWS\system32\msvcrt.dll
0x00007ffa22db0000 - 0x00007ffa22dde000 	C:\WINDOWS\SYSTEM32\SspiCli.dll
0x00007ffa23700000 - 0x00007ffa23754000 	C:\WINDOWS\system32\SHLWAPI.dll
0x00007ffa23d90000 - 0x00007ffa23f07000 	C:\WINDOWS\system32\USER32.dll
0x00007ffa23a50000 - 0x00007ffa23be4000 	C:\WINDOWS\system32\ole32.dll
0x00007ffa24890000 - 0x00007ffa25dbb000 	C:\WINDOWS\system32\SHELL32.dll
0x00007ffa22530000 - 0x00007ffa22551000 	C:\WINDOWS\SYSTEM32\USERENV.dll
0x00007ffa241f0000 - 0x00007ffa2429a000 	C:\WINDOWS\system32\ADVAPI32.dll
0x00007ffa14b20000 - 0x00007ffa14b3e000 	C:\WINDOWS\SYSTEM32\MPR.dll
0x00007ffa23450000 - 0x00007ffa23591000 	C:\WINDOWS\system32\RPCRT4.dll
0x00007ffa24540000 - 0x00007ffa24599000 	C:\WINDOWS\SYSTEM32\sechost.dll
0x00007ffa23760000 - 0x00007ffa23971000 	C:\WINDOWS\SYSTEM32\combase.dll
0x00007ffa240a0000 - 0x00007ffa241ef000 	C:\WINDOWS\system32\GDI32.dll
0x00007ffa22f10000 - 0x00007ffa22f25000 	C:\WINDOWS\SYSTEM32\profapi.dll
0x00007ffa21460000 - 0x00007ffa21512000 	C:\WINDOWS\SYSTEM32\SHCORE.dll
0x00007ffa23ff0000 - 0x00007ffa24026000 	C:\WINDOWS\system32\IMM32.DLL
0x00007ffa235a0000 - 0x00007ffa236f2000 	C:\WINDOWS\system32\MSCTF.dll
0x00007ffa203d0000 - 0x00007ffa2064b000 	C:\WINDOWS\WinSxS\amd64_microsoft.windows.common-controls_6595b64144ccf1df_6.0.9600.18006_none_623f33d3ecbe86e8\COMCTL32.dll
0x00000000619c0000 - 0x0000000061a92000 	C:\Program Files\Java\jdk1.8.0_11\jre\bin\msvcr100.dll
0x0000000061190000 - 0x00000000619ba000 	C:\Program Files\Java\jdk1.8.0_11\jre\bin\server\jvm.dll
0x00007ffa1a130000 - 0x00007ffa1a139000 	C:\WINDOWS\SYSTEM32\WSOCK32.dll
0x00007ffa1a1d0000 - 0x00007ffa1a1f2000 	C:\WINDOWS\SYSTEM32\WINMM.dll
0x00007ffa24530000 - 0x00007ffa24537000 	C:\WINDOWS\system32\PSAPI.DLL
0x00007ffa23d30000 - 0x00007ffa23d8a000 	C:\WINDOWS\system32\WS2_32.dll
0x00007ffa1a1a0000 - 0x00007ffa1a1ca000 	C:\WINDOWS\SYSTEM32\WINMMBASE.dll
0x00007ffa23bf0000 - 0x00007ffa23bf9000 	C:\WINDOWS\system32\NSI.dll
0x00007ffa23040000 - 0x00007ffa2308f000 	C:\WINDOWS\SYSTEM32\cfgmgr32.dll
0x00007ffa21d30000 - 0x00007ffa21d58000 	C:\WINDOWS\SYSTEM32\DEVOBJ.dll
0x0000000062d40000 - 0x0000000062d4f000 	C:\Program Files\Java\jdk1.8.0_11\jre\bin\verify.dll
0x0000000061160000 - 0x0000000061188000 	C:\Program Files\Java\jdk1.8.0_11\jre\bin\java.dll
0x0000000061140000 - 0x0000000061156000 	C:\Program Files\Java\jdk1.8.0_11\jre\bin\zip.dll
0x00007ffa15310000 - 0x00007ffa15499000 	C:\WINDOWS\SYSTEM32\dbghelp.dll

VM Arguments:
jvm_args: -Djava.awt.headless=true -Xmx1024M -Dfile.encoding=windows-1252 -Duser.country=US -Duser.language=en -Duser.variant 
java_command: com.android.dx.command.Main --dex --num-threads=4 --output E:\reactnative\auth\android\app\build\intermediates\pre-dexed\debug\com.android.support-support-v4-23.0.1_3a7630af220fd49116b18b6e6ad4f6a245e6c6fa.jar E:\reactnative\auth\android\app\build\intermediates\exploded-aar\com.android.support\support-v4\23.0.1\jars\classes.jar
java_class_path (initial): E:\Program_Files\android\sdk\build-tools\23.0.1\lib\dx.jar
Launcher Type: SUN_STANDARD

Environment Variables:
JAVA_HOME=C:\Program Files\Java\jdk1.8.0_11
CLASSPATH=E:\reactnative\auth\android\\gradle\wrapper\gradle-wrapper.jar
PATH=C:\ProgramData\Oracle\Java\javapath;C:\Program Files (x86)\AMD APP\bin\x86_64;C:\Program Files (x86)\AMD APP\bin\x86;c:\Program Files (x86)\Intel\iCLS Client\;c:\Program Files\Intel\iCLS Client\;C:\WINDOWS\system32;C:\WINDOWS;C:\WINDOWS\System32\Wbem;C:\WINDOWS\System32\WindowsPowerShell\v1.0\;C:\Program Files (x86)\ATI Technologies\ATI.ACE\Core-Static;C:\Program Files\Intel\Intel(R) Management Engine Components\DAL;C:\Program Files\Intel\Intel(R) Management Engine Components\IPT;C:\Program Files (x86)\Intel\Intel(R) Management Engine Components\DAL;C:\Program Files (x86)\Intel\Intel(R) Management Engine Components\IPT;C:\Program Files\Java\jdk1.8.0_11\bin;C:\Program Files (x86)\Android\android-sdk;C:\Program Files (x86)\MySQL\MySQL Utilities 1.4\;C:\Program Files (x86)\MySQL\MySQL Utilities 1.4\Doctrine extensions for PHP\;C:\Program Files (x86)\QuickTime\QTSystem\;C:\Program Files (x86)\Skype\Phone\;D\IT\php\php-7.1.6-Win32-VC14-x64\;D\IT\php\php-7.1.6-Win32-VC14-x64\bin\;D:\IT\php\php-7.1.6-Win32-VC14-x64;C:\ProgramData\ComposerSetup\bin;C:\Program Files\nodejs\;E:\Program_Files\android\sdk\platform-tools;C:\Users\Mubashir Mufti\AppData\Local\Programs\Python\Python36\Scripts\;C:\Users\Mubashir Mufti\AppData\Local\Programs\Python\Python36\;C:\Users\Mubashir Mufti\AppData\Roaming\Composer\vendor\bin;C:\Users\Mubashir Mufti\AppData\Roaming\npm
USERNAME=Mubashir Mufti
OS=Windows_NT
PROCESSOR_IDENTIFIER=Intel64 Family 6 Model 58 Stepping 9, GenuineIntel



---------------  S Y S T E M  ---------------

OS: Windows 8.1 , 64 bit Build 9600 

CPU:total 4 (2 cores per cpu, 2 threads per core) family 6 model 58 stepping 9, cmov, cx8, fxsr, mmx, sse, sse2, sse3, ssse3, sse4.1, sse4.2, popcnt, avx, aes, clmul, erms, ht, tsc, tscinvbit

Memory: 4k page, physical 8265200k(883920k free), swap 11410928k(224580k free)

vm_info: Java HotSpot(TM) 64-Bit Server VM (25.11-b03) for windows-amd64 JRE (1.8.0_11-b12), built on Jun 16 2014 20:57:32 by "java_re" with MS VC++ 10.0 (VS2010)

time: Fri Mar 09 17:44:07 2018
elapsed time: 0 seconds

